app/build/intermediates/manifest_merge_blame_file/debug/manifest-merger-blame-debug-report.txt
1<?xml version="1.0" encoding="utf-8"?>
2<manifest xmlns:android="http://schemas.android.com/apk/res/android"
3    package="com.example.ano"
4    android:versionCode="1"
5    android:versionName="1.0" >
6
7    <uses-sdk
8        android:minSdkVersion="24"
9        android:targetSdkVersion="34" />
10
11    <uses-permission android:name="android.permission.USE_EXACT_ALARM" />
11-->src/main/AndroidManifest.xml:31:5-73
11-->src/main/AndroidManifest.xml:31:22-71
12    <uses-permission android:name="android.permission.SET_ALARM" />
12-->src/main/AndroidManifest.xml:32:5-67
12-->src/main/AndroidManifest.xml:32:22-65
13
14    <permission
14-->[androidx.core:core:1.12.0] AndroidManifest.xml:22:5-24:47
15        android:name="com.example.ano.DYNAMIC_RECEIVER_NOT_EXPORTED_PERMISSION"
15-->[androidx.core:core:1.12.0] AndroidManifest.xml:23:9-81
16        android:protectionLevel="signature" />
16-->[androidx.core:core:1.12.0] AndroidManifest.xml:24:9-44
17
18    <uses-permission android:name="com.example.ano.DYNAMIC_RECEIVER_NOT_EXPORTED_PERMISSION" />
18-->[androidx.core:core:1.12.0] AndroidManifest.xml:26:5-97
18-->[androidx.core:core:1.12.0] AndroidManifest.xml:26:22-94
19
20    <application
20-->src/main/AndroidManifest.xml:5:5-29:19
21        android:allowBackup="true"
21-->src/main/AndroidManifest.xml:6:9-35
22        android:appComponentFactory="androidx.core.app.CoreComponentFactory"
22-->[androidx.core:core:1.12.0] AndroidManifest.xml:28:18-86
23        android:dataExtractionRules="@xml/data_extraction_rules"
23-->src/main/AndroidManifest.xml:7:9-65
24        android:debuggable="true"
25        android:extractNativeLibs="false"
26        android:fullBackupContent="@xml/backup_rules"
26-->src/main/AndroidManifest.xml:8:9-54
27        android:icon="@mipmap/ic_launcher"
27-->src/main/AndroidManifest.xml:9:9-43
28        android:label="@string/app_name"
28-->src/main/AndroidManifest.xml:10:9-41
29        android:roundIcon="@mipmap/ic_launcher_round"
29-->src/main/AndroidManifest.xml:11:9-54
30        android:supportsRtl="true"
30-->src/main/AndroidManifest.xml:12:9-35
31        android:testOnly="true"
32        android:theme="@style/Theme.Ano" >
32-->src/main/AndroidManifest.xml:13:9-41
33        <activity
33-->src/main/AndroidManifest.xml:15:9-24:20
34            android:name="com.example.ano.MainActivity"
34-->src/main/AndroidManifest.xml:16:13-41
35            android:exported="true"
35-->src/main/AndroidManifest.xml:17:13-36
36            android:label="@string/app_name"
36-->src/main/AndroidManifest.xml:18:13-45
37            android:theme="@style/Theme.Ano" >
37-->src/main/AndroidManifest.xml:19:13-45
38            <intent-filter>
38-->src/main/AndroidManifest.xml:20:13-23:29
39                <action android:name="android.intent.action.MAIN" />
39-->src/main/AndroidManifest.xml:21:17-69
39-->src/main/AndroidManifest.xml:21:25-66
40
41                <category android:name="android.intent.category.LAUNCHER" />
41-->src/main/AndroidManifest.xml:22:17-77
41-->src/main/AndroidManifest.xml:22:27-74
42            </intent-filter>
43        </activity>
44
45        <!-- Déclaration de ReviewReceiver -->
46        <receiver
46-->src/main/AndroidManifest.xml:27:9-104
47            android:name="com.example.ano.model.AnoAnki$ReviewReceiver"
47-->src/main/AndroidManifest.xml:27:19-78
48            android:exported="true" />
48-->src/main/AndroidManifest.xml:27:79-102
49
50        <provider
50-->[androidx.emoji2:emoji2:1.3.0] AndroidManifest.xml:24:9-32:20
51            android:name="androidx.startup.InitializationProvider"
51-->[androidx.emoji2:emoji2:1.3.0] AndroidManifest.xml:25:13-67
52            android:authorities="com.example.ano.androidx-startup"
52-->[androidx.emoji2:emoji2:1.3.0] AndroidManifest.xml:26:13-68
53            android:exported="false" >
53-->[androidx.emoji2:emoji2:1.3.0] AndroidManifest.xml:27:13-37
54            <meta-data
54-->[androidx.emoji2:emoji2:1.3.0] AndroidManifest.xml:29:13-31:52
55                android:name="androidx.emoji2.text.EmojiCompatInitializer"
55-->[androidx.emoji2:emoji2:1.3.0] AndroidManifest.xml:30:17-75
56                android:value="androidx.startup" />
56-->[androidx.emoji2:emoji2:1.3.0] AndroidManifest.xml:31:17-49
57            <meta-data
57-->[androidx.lifecycle:lifecycle-process:2.7.0] AndroidManifest.xml:29:13-31:52
58                android:name="androidx.lifecycle.ProcessLifecycleInitializer"
58-->[androidx.lifecycle:lifecycle-process:2.7.0] AndroidManifest.xml:30:17-78
59                android:value="androidx.startup" />
59-->[androidx.lifecycle:lifecycle-process:2.7.0] AndroidManifest.xml:31:17-49
60            <meta-data
60-->[androidx.profileinstaller:profileinstaller:1.3.0] AndroidManifest.xml:29:13-31:52
61                android:name="androidx.profileinstaller.ProfileInstallerInitializer"
61-->[androidx.profileinstaller:profileinstaller:1.3.0] AndroidManifest.xml:30:17-85
62                android:value="androidx.startup" />
62-->[androidx.profileinstaller:profileinstaller:1.3.0] AndroidManifest.xml:31:17-49
63        </provider>
64
65        <activity
65-->[androidx.compose.ui:ui-tooling-android:1.6.0] AndroidManifest.xml:23:9-25:39
66            android:name="androidx.compose.ui.tooling.PreviewActivity"
66-->[androidx.compose.ui:ui-tooling-android:1.6.0] AndroidManifest.xml:24:13-71
67            android:exported="true" />
67-->[androidx.compose.ui:ui-tooling-android:1.6.0] AndroidManifest.xml:25:13-36
68        <activity
68-->[androidx.compose.ui:ui-test-manifest:1.6.0] AndroidManifest.xml:23:9-25:39
69            android:name="androidx.activity.ComponentActivity"
69-->[androidx.compose.ui:ui-test-manifest:1.6.0] AndroidManifest.xml:24:13-63
70            android:exported="true" />
70-->[androidx.compose.ui:ui-test-manifest:1.6.0] AndroidManifest.xml:25:13-36
71
72        <receiver
72-->[androidx.profileinstaller:profileinstaller:1.3.0] AndroidManifest.xml:34:9-52:20
73            android:name="androidx.profileinstaller.ProfileInstallReceiver"
73-->[androidx.profileinstaller:profileinstaller:1.3.0] AndroidManifest.xml:35:13-76
74            android:directBootAware="false"
74-->[androidx.profileinstaller:profileinstaller:1.3.0] AndroidManifest.xml:36:13-44
75            android:enabled="true"
75-->[androidx.profileinstaller:profileinstaller:1.3.0] AndroidManifest.xml:37:13-35
76            android:exported="true"
76-->[androidx.profileinstaller:profileinstaller:1.3.0] AndroidManifest.xml:38:13-36
77            android:permission="android.permission.DUMP" >
77-->[androidx.profileinstaller:profileinstaller:1.3.0] AndroidManifest.xml:39:13-57
78            <intent-filter>
78-->[androidx.profileinstaller:profileinstaller:1.3.0] AndroidManifest.xml:40:13-42:29
79                <action android:name="androidx.profileinstaller.action.INSTALL_PROFILE" />
79-->[androidx.profileinstaller:profileinstaller:1.3.0] AndroidManifest.xml:41:17-91
79-->[androidx.profileinstaller:profileinstaller:1.3.0] AndroidManifest.xml:41:25-88
80            </intent-filter>
81            <intent-filter>
81-->[androidx.profileinstaller:profileinstaller:1.3.0] AndroidManifest.xml:43:13-45:29
82                <action android:name="androidx.profileinstaller.action.SKIP_FILE" />
82-->[androidx.profileinstaller:profileinstaller:1.3.0] AndroidManifest.xml:44:17-85
82-->[androidx.profileinstaller:profileinstaller:1.3.0] AndroidManifest.xml:44:25-82
83            </intent-filter>
84            <intent-filter>
84-->[androidx.profileinstaller:profileinstaller:1.3.0] AndroidManifest.xml:46:13-48:29
85                <action android:name="androidx.profileinstaller.action.SAVE_PROFILE" />
85-->[androidx.profileinstaller:profileinstaller:1.3.0] AndroidManifest.xml:47:17-88
85-->[androidx.profileinstaller:profileinstaller:1.3.0] AndroidManifest.xml:47:25-85
86            </intent-filter>
87            <intent-filter>
87-->[androidx.profileinstaller:profileinstaller:1.3.0] AndroidManifest.xml:49:13-51:29
88                <action android:name="androidx.profileinstaller.action.BENCHMARK_OPERATION" />
88-->[androidx.profileinstaller:profileinstaller:1.3.0] AndroidManifest.xml:50:17-95
88-->[androidx.profileinstaller:profileinstaller:1.3.0] AndroidManifest.xml:50:25-92
89            </intent-filter>
90        </receiver>
91    </application>
92
93</manifest>